<event operation="authentication" user="admin" details="login" catalogid="system" date="2012-01-11 14:27:25 -0500" indexed="false"/>
<event operation="authentication" user="admin" details="logout" catalogid="system" date="2012-01-11 15:04:21 -0500" indexed="false"/>
<event operation="authentication" user="admin" details="login" catalogid="system" date="2012-01-31 16:24:43 +0000" indexed="false"/>
<event operation="authentication" user="admin" details="login" catalogid="system" date="2012-01-31 16:28:38 +0000" indexed="false"/>
<event operation="authentication" user="admin" details="login" catalogid="system" date="2012-01-31 17:03:22 +0000" indexed="false"/>
<event operation="authentication" user="admin" details="login" catalogid="system" date="2012-01-31 17:16:21 +0000" indexed="false"/>
<event operation="authentication" user="admin" details="login" catalogid="system" date="2012-01-31 21:08:05 +0000" indexed="false"/>
<event operation="authentication" user="admin" details="login" catalogid="system" date="2012-02-03 21:06:02 +0000" indexed="false"/>
<event operation="authentication" user="admin" details="login" catalogid="system" date="2012-02-28 18:41:53 +0000" indexed="false"/>
<event operation="authentication" user="admin" details="login" catalogid="system" date="2012-02-28 18:45:53 +0000" indexed="false"/>
<event operation="authentication" user="admin" details="login" catalogid="system" date="2012-02-28 18:46:07 +0000" indexed="false"/>
<event operation="authentication" user="admin" details="login" catalogid="system" date="2012-02-28 18:46:19 +0000" indexed="false"/>
<event operation="authentication" user="admin" details="login" catalogid="system" date="2012-02-28 20:14:16 +0000" indexed="false"/>
<event operation="authentication" user="admin" details="login" catalogid="system" date="2012-02-28 20:40:42 +0000" indexed="false"/>
<event operation="authentication" user="admin" details="login" catalogid="system" date="2012-02-28 21:53:20 +0000" indexed="false"/>
<event operation="authentication" user="admin" details="login" catalogid="system" date="2012-02-28 22:18:06 +0000" indexed="false"/>
<event operation="authentication" user="admin" details="logout" catalogid="system" date="2012-02-28 23:25:13 +0000" indexed="false"/>
<event operation="authentication" user="admin" details="login" catalogid="system" date="2012-02-29 01:03:51 +0000" indexed="false"/>
<event operation="authentication" user="admin" details="login" catalogid="system" date="2012-02-29 14:52:49 +0000" indexed="false"/>
<event operation="authentication" user="admin" details="login" catalogid="system" date="2012-02-29 19:29:37 +0000" indexed="false"/>
<event operation="authentication" user="admin" details="login" catalogid="system" date="2012-02-29 19:38:51 +0000" indexed="false"/>
<event operation="authentication" user="admin" details="login" catalogid="system" date="2012-03-01 17:33:53 +0000" indexed="false"/>
<event operation="authentication" user="admin" details="login" catalogid="system" date="2012-03-01 21:10:26 +0000" indexed="false"/>
<event operation="authentication" user="admin" details="login" catalogid="system" date="2012-03-01 21:32:14 +0000" indexed="false"/>
<event operation="authentication" user="admin" details="login" catalogid="system" date="2012-03-01 21:37:20 +0000" indexed="false"/>
<event operation="authentication" user="admin" details="login" catalogid="system" date="2012-03-02 16:42:58 +0000" indexed="false"/>
<event operation="authentication" user="admin" details="login" catalogid="system" date="2012-03-02 16:43:51 +0000" indexed="false"/>
<event operation="authentication" user="admin" details="login" catalogid="system" date="2012-03-06 15:36:31 +0000" indexed="false"/>
<event operation="authentication" user="admin" details="login" catalogid="system" date="2012-03-07 15:51:12 +0000" indexed="false"/>
<event operation="authentication" user="albert@xtremetime.com" details="invalidpassword" catalogid="system" date="2012-03-09 16:32:59 +0000" indexed="false"/>
<event operation="authentication" user="albert@xtremetime.com" details="invalidpassword" catalogid="system" date="2012-03-09 16:33:21 +0000" indexed="false"/>
<event operation="authentication" user="albert@xtremetime.com" details="invalidpassword" catalogid="system" date="2012-03-09 16:38:30 +0000" indexed="false"/>
<event operation="authentication" user="albert@xtremetime.com" details="invalidpassword" catalogid="system" date="2012-03-09 16:39:06 +0000" indexed="false"/>
<event operation="authentication" user="albert@xtremetime.com" details="invalidpassword" catalogid="system" date="2012-03-09 16:55:45 +0000" indexed="false"/>
<event operation="authentication" user="julie" details="invalidpassword" catalogid="system" date="2012-03-12 19:19:02 +0000" indexed="false"/>
<event operation="authentication" user="admin" details="login" catalogid="system" date="2012-03-12 19:19:10 +0000" indexed="false"/>
<event operation="authentication" user="admin" details="login" catalogid="system" date="2012-03-21 16:26:09 +0000" indexed="false"/>
<event operation="authentication" user="admin" details="login" catalogid="system" date="2012-03-26 13:44:17 +0000" indexed="false"/>
<event operation="authentication" user="admin" details="logout" catalogid="system" date="2012-04-09 13:56:37 +0000" indexed="false"/>
<event operation="authentication" user="admin" details="login" catalogid="system" date="2012-04-09 13:56:41 +0000" indexed="false"/>
<event operation="authentication" user="admin" details="logout" catalogid="system" date="2012-04-09 14:02:11 +0000" indexed="false"/>
<event operation="authentication" user="admin" details="invalidpassword" catalogid="system" date="2012-04-09 14:03:01 +0000" indexed="false"/>
<event operation="authentication" user="admin" details="login" catalogid="system" date="2012-04-09 14:03:09 +0000" indexed="false"/>
<event operation="authentication" user="203" details="delete" catalogid="system" date="2012-04-09 14:04:44 +0000" indexed="false"/>
<event operation="authentication" user="robchipman" details="add" catalogid="system" date="2012-04-09 14:05:42 +0000" indexed="false"/>
<event operation="authentication" user="admin" details="logout" catalogid="system" date="2012-04-09 14:06:48 +0000" indexed="false"/>
<event operation="authentication" user="julie" details="login" catalogid="system" date="2012-04-09 14:06:59 +0000" indexed="false"/>
<event operation="authentication" user="gatekeeper" details="invalidpassword" catalogid="system" date="2012-04-09 14:22:37 +0000" indexed="false"/>
<event operation="authentication" user="gatekeeper" details="login" catalogid="system" date="2012-04-09 14:22:47 +0000" indexed="false"/>
<event operation="authentication" user="julie" details="logout" catalogid="system" date="2012-04-09 15:43:08 +0000" indexed="false"/>
<event operation="authentication" user="cburkey" details="login" catalogid="system" date="2012-04-09 15:43:14 +0000" indexed="false"/>
<event operation="authentication" user="admin" details="login" catalogid="system" date="2012-04-16 18:47:12 +0000" indexed="false"/>
<event operation="authentication" user="julie" details="login" catalogid="system" date="2012-04-17 18:25:39 +0000" indexed="false"/>
<event operation="authentication" user="admin" details="login" catalogid="system" date="2012-04-19 20:58:01 +0000" indexed="false"/>
<event operation="authentication" user="admin" details="logout" catalogid="system" date="2012-04-20 13:33:25 +0000" indexed="false"/>
<event operation="authentication" user="admin" details="login" catalogid="system" date="2012-04-20 13:33:29 +0000" indexed="false"/>
<event operation="authentication" user="ross" details="add" catalogid="system" date="2012-05-04 17:25:07 -0400" indexed="false"/>
<event operation="authentication" user="julie" details="login" catalogid="system" date="2012-05-08 19:04:01 +0000" indexed="false"/>
<event operation="authentication" user="julie" details="login" catalogid="system" date="2012-05-08 19:15:14 +0000" indexed="false"/>
<event operation="authentication" user="julie" details="login" catalogid="system" date="2012-05-08 20:02:41 +0000" indexed="false"/>
<event operation="authentication" user="julie" details="login" catalogid="system" date="2012-05-09 19:37:22 +0000" indexed="false"/>
<event operation="authentication" user="julie" details="login" catalogid="system" date="2012-05-10 15:18:47 -0400" indexed="false"/>
<event operation="authentication" user="julie" details="login" catalogid="system" date="2012-05-31 20:06:49 +0000" indexed="false"/>
<event operation="authentication" user="353" details="login" catalogid="system" date="2012-07-08 11:14:04 +0000" indexed="false"/>
<event operation="authentication" user="gatekeeper" details="invalidpassword" catalogid="system" date="2012-07-12 20:39:53 +0000" indexed="false"/>
<event operation="authentication" user="gatekeeper" details="login" catalogid="system" date="2012-07-12 20:40:40 +0000" indexed="false"/>
<event operation="authentication" user="gatekeeper" details="invalidpassword" catalogid="system" date="2012-07-13 04:26:12 +0000" indexed="false"/>
<event operation="authentication" user="gatekeeper" details="invalidpassword" catalogid="system" date="2012-07-13 04:26:32 +0000" indexed="false"/>
<event operation="authentication" user="cburkey" details="login" catalogid="system" date="2012-08-13 14:47:40 +0000" indexed="false"/>
<event operation="authentication" user="gatekeeper" details="login" catalogid="system" date="2012-09-18 17:58:05 +0000" indexed="false"/>
<event operation="authentication" user="gatekeeper" details="login" catalogid="system" date="2012-09-27 18:40:58 +0000" indexed="false"/>
<event operation="authentication" user="gatekeeper" details="logout" catalogid="system" date="2012-09-27 19:18:30 +0000" indexed="false"/>
<event operation="authentication" user="gatekeeper" details="login" catalogid="system" date="2012-09-27 19:27:28 +0000" indexed="false"/>
<event operation="authentication" user="353" details="login" catalogid="system" date="2012-10-01 15:20:16 +0000" indexed="false"/>
